2017-01-03 12:38:04,211 [Worker-2] INFO  o.e.m.c.i.e.AbstractTransferListenerAdapter - Downloading http://repo.maven.apache.org/maven2/org/apache/maven/archetypes/maven-archetype-quickstart/1.1/maven-archetype-quickstart-1.1.pom
2017-01-03 12:38:04,274 [Worker-2] INFO  o.e.m.c.i.e.AbstractTransferListenerAdapter - Downloaded http://repo.maven.apache.org/maven2/org/apache/maven/archetypes/maven-archetype-quickstart/1.1/maven-archetype-quickstart-1.1.pom
2017-01-03 12:38:04,315 [pool-2-thread-1] INFO  o.e.m.c.i.e.AbstractTransferListenerAdapter - Downloaded file:///Users/zunzunwang/.m2/repository/org/apache/maven/archetypes/maven-archetype-quickstart/1.1/maven-archetype-quickstart-1.1.jar
2017-01-03 12:38:04,369 [Worker-2] INFO  o.e.m.c.i.p.ProjectConfigurationManager - Collecting project info '/pom.xml' /Users/zunzunwang/Documents/JAVA_Projet/EAN_code_search/testEAN/pom.xml
2017-01-03 12:38:05,795 [Worker-2] INFO  o.e.m.c.i.l.LifecycleMappingFactory - Using org.eclipse.m2e.jdt.JarLifecycleMapping lifecycle mapping for MavenProject: org.zzw:testEAN:0.0.1-SNAPSHOT @ /Users/zunzunwang/Documents/JAVA_Projet/EAN_code_search/testEAN/pom.xml.
2017-01-03 12:38:12,036 [Worker-2] INFO  o.e.m.j.i.AbstractJavaProjectConfigurator - Adding source folder /testEAN/src/main/java
2017-01-03 12:38:12,042 [Worker-2] INFO  o.e.m.j.i.AbstractJavaProjectConfigurator - Adding source folder /testEAN/src/test/java
2017-01-03 12:38:12,123 [Worker-5] INFO  o.e.m.c.i.l.LifecycleMappingFactory - Using org.eclipse.m2e.jdt.JarLifecycleMapping lifecycle mapping for MavenProject: org.zzw:testEAN:0.0.1-SNAPSHOT @ /Users/zunzunwang/Documents/JAVA_Projet/EAN_code_search/testEAN/pom.xml.
2017-01-03 12:38:16,187 [Worker-2] INFO  o.e.m.c.i.p.ProjectConfigurationManager - Imported and configured 1 project(s) in 11 sec
2017-01-03 12:38:18,282 [Worker-7] INFO  o.e.m.c.i.l.LifecycleMappingFactory - Using org.eclipse.m2e.jdt.JarLifecycleMapping lifecycle mapping for MavenProject: org.zzw:testEAN:0.0.1-SNAPSHOT @ /Users/zunzunwang/Documents/JAVA_Projet/EAN_code_search/testEAN/pom.xml.
2017-01-03 12:38:18,394 [Worker-7] INFO  o.e.m.c.i.embedder.EclipseLogger - Using 'UTF-8' encoding to copy filtered resources.
2017-01-03 12:38:18,395 [Worker-7] INFO  o.e.m.c.i.embedder.EclipseLogger - skip non existing resourceDirectory /Users/zunzunwang/Documents/JAVA_Projet/EAN_code_search/testEAN/src/main/resources
2017-01-03 12:38:18,398 [Worker-7] INFO  o.e.m.c.i.embedder.EclipseLogger - Using 'UTF-8' encoding to copy filtered resources.
2017-01-03 12:38:18,398 [Worker-7] INFO  o.e.m.c.i.embedder.EclipseLogger - skip non existing resourceDirectory /Users/zunzunwang/Documents/JAVA_Projet/EAN_code_search/testEAN/src/test/resources
2017-01-03 12:44:43,301 [Worker-13] INFO  o.e.m.c.i.embedder.EclipseLogger - Using 'UTF-8' encoding to copy filtered resources.
2017-01-03 12:44:43,306 [Worker-13] INFO  o.e.m.c.i.embedder.EclipseLogger - skip non existing resourceDirectory /Users/zunzunwang/Documents/JAVA_Projet/EAN_code_search/testEAN/src/main/resources
2017-01-03 12:44:43,309 [Worker-13] INFO  o.e.m.c.i.embedder.EclipseLogger - Using 'UTF-8' encoding to copy filtered resources.
2017-01-03 12:44:43,309 [Worker-13] INFO  o.e.m.c.i.embedder.EclipseLogger - skip non existing resourceDirectory /Users/zunzunwang/Documents/JAVA_Projet/EAN_code_search/testEAN/src/test/resources
2017-01-03 13:01:54,881 [Worker-17] INFO  o.e.m.c.i.embedder.EclipseLogger - Using 'UTF-8' encoding to copy filtered resources.
2017-01-03 13:01:54,882 [Worker-17] INFO  o.e.m.c.i.embedder.EclipseLogger - skip non existing resourceDirectory /Users/zunzunwang/Documents/JAVA_Projet/EAN_code_search/testEAN/src/main/resources
2017-01-03 13:01:54,883 [Worker-17] INFO  o.e.m.c.i.embedder.EclipseLogger - Using 'UTF-8' encoding to copy filtered resources.
2017-01-03 13:01:54,884 [Worker-17] INFO  o.e.m.c.i.embedder.EclipseLogger - skip non existing resourceDirectory /Users/zunzunwang/Documents/JAVA_Projet/EAN_code_search/testEAN/src/test/resources
2017-01-03 13:02:54,344 [Worker-20] INFO  o.e.m.c.i.embedder.EclipseLogger - Using 'UTF-8' encoding to copy filtered resources.
2017-01-03 13:02:54,345 [Worker-20] INFO  o.e.m.c.i.embedder.EclipseLogger - skip non existing resourceDirectory /Users/zunzunwang/Documents/JAVA_Projet/EAN_code_search/testEAN/src/main/resources
2017-01-03 13:02:54,347 [Worker-20] INFO  o.e.m.c.i.embedder.EclipseLogger - Using 'UTF-8' encoding to copy filtered resources.
2017-01-03 13:02:54,347 [Worker-20] INFO  o.e.m.c.i.embedder.EclipseLogger - skip non existing resourceDirectory /Users/zunzunwang/Documents/JAVA_Projet/EAN_code_search/testEAN/src/test/resources
2017-01-03 13:03:20,568 [Worker-18] INFO  o.e.m.c.i.embedder.EclipseLogger - Using 'UTF-8' encoding to copy filtered resources.
2017-01-03 13:03:20,569 [Worker-18] INFO  o.e.m.c.i.embedder.EclipseLogger - skip non existing resourceDirectory /Users/zunzunwang/Documents/JAVA_Projet/EAN_code_search/testEAN/src/main/resources
2017-01-03 13:03:20,571 [Worker-18] INFO  o.e.m.c.i.embedder.EclipseLogger - Using 'UTF-8' encoding to copy filtered resources.
2017-01-03 13:03:20,571 [Worker-18] INFO  o.e.m.c.i.embedder.EclipseLogger - skip non existing resourceDirectory /Users/zunzunwang/Documents/JAVA_Projet/EAN_code_search/testEAN/src/test/resources
2017-01-03 13:06:58,053 [Worker-18] INFO  o.e.m.c.i.embedder.EclipseLogger - Using 'UTF-8' encoding to copy filtered resources.
2017-01-03 13:06:58,054 [Worker-18] INFO  o.e.m.c.i.embedder.EclipseLogger - skip non existing resourceDirectory /Users/zunzunwang/Documents/JAVA_Projet/EAN_code_search/testEAN/src/main/resources
2017-01-03 13:06:58,055 [Worker-18] INFO  o.e.m.c.i.embedder.EclipseLogger - Using 'UTF-8' encoding to copy filtered resources.
2017-01-03 13:06:58,055 [Worker-18] INFO  o.e.m.c.i.embedder.EclipseLogger - skip non existing resourceDirectory /Users/zunzunwang/Documents/JAVA_Projet/EAN_code_search/testEAN/src/test/resources
2017-01-03 13:07:13,145 [Worker-17] INFO  o.e.m.c.i.embedder.EclipseLogger - Using 'UTF-8' encoding to copy filtered resources.
2017-01-03 13:07:13,146 [Worker-17] INFO  o.e.m.c.i.embedder.EclipseLogger - skip non existing resourceDirectory /Users/zunzunwang/Documents/JAVA_Projet/EAN_code_search/testEAN/src/main/resources
2017-01-03 13:07:13,146 [Worker-17] INFO  o.e.m.c.i.embedder.EclipseLogger - Using 'UTF-8' encoding to copy filtered resources.
2017-01-03 13:07:13,147 [Worker-17] INFO  o.e.m.c.i.embedder.EclipseLogger - skip non existing resourceDirectory /Users/zunzunwang/Documents/JAVA_Projet/EAN_code_search/testEAN/src/test/resources
2017-01-03 16:38:53,469 [Worker-36] INFO  o.e.m.c.i.embedder.EclipseLogger - Using 'UTF-8' encoding to copy filtered resources.
2017-01-03 16:38:53,471 [Worker-36] INFO  o.e.m.c.i.embedder.EclipseLogger - skip non existing resourceDirectory /Users/zunzunwang/Documents/JAVA_Projet/EAN_code_search/testEAN/src/main/resources
2017-01-03 16:38:53,473 [Worker-36] INFO  o.e.m.c.i.embedder.EclipseLogger - Using 'UTF-8' encoding to copy filtered resources.
2017-01-03 16:38:53,473 [Worker-36] INFO  o.e.m.c.i.embedder.EclipseLogger - skip non existing resourceDirectory /Users/zunzunwang/Documents/JAVA_Projet/EAN_code_search/testEAN/src/test/resources
2017-01-03 16:39:00,359 [Worker-33] INFO  o.e.m.c.i.embedder.EclipseLogger - Using 'UTF-8' encoding to copy filtered resources.
2017-01-03 16:39:00,359 [Worker-33] INFO  o.e.m.c.i.embedder.EclipseLogger - skip non existing resourceDirectory /Users/zunzunwang/Documents/JAVA_Projet/EAN_code_search/testEAN/src/main/resources
2017-01-03 16:39:00,360 [Worker-33] INFO  o.e.m.c.i.embedder.EclipseLogger - Using 'UTF-8' encoding to copy filtered resources.
2017-01-03 16:39:00,361 [Worker-33] INFO  o.e.m.c.i.embedder.EclipseLogger - skip non existing resourceDirectory /Users/zunzunwang/Documents/JAVA_Projet/EAN_code_search/testEAN/src/test/resources
2017-01-03 16:43:52,583 [Worker-38] INFO  o.e.m.c.i.embedder.EclipseLogger - Using 'UTF-8' encoding to copy filtered resources.
2017-01-03 16:43:52,583 [Worker-38] INFO  o.e.m.c.i.embedder.EclipseLogger - skip non existing resourceDirectory /Users/zunzunwang/Documents/JAVA_Projet/EAN_code_search/testEAN/src/main/resources
2017-01-03 16:43:52,585 [Worker-38] INFO  o.e.m.c.i.embedder.EclipseLogger - Using 'UTF-8' encoding to copy filtered resources.
2017-01-03 16:43:52,586 [Worker-38] INFO  o.e.m.c.i.embedder.EclipseLogger - skip non existing resourceDirectory /Users/zunzunwang/Documents/JAVA_Projet/EAN_code_search/testEAN/src/test/resources
2017-01-03 16:55:18,517 [Worker-38] INFO  o.e.m.c.i.embedder.EclipseLogger - Using 'UTF-8' encoding to copy filtered resources.
2017-01-03 16:55:18,518 [Worker-38] INFO  o.e.m.c.i.embedder.EclipseLogger - skip non existing resourceDirectory /Users/zunzunwang/Documents/JAVA_Projet/EAN_code_search/testEAN/src/main/resources
2017-01-03 16:55:18,520 [Worker-38] INFO  o.e.m.c.i.embedder.EclipseLogger - Using 'UTF-8' encoding to copy filtered resources.
2017-01-03 16:55:18,520 [Worker-38] INFO  o.e.m.c.i.embedder.EclipseLogger - skip non existing resourceDirectory /Users/zunzunwang/Documents/JAVA_Projet/EAN_code_search/testEAN/src/test/resources
2017-01-03 16:55:50,617 [Worker-23] INFO  o.e.m.c.i.embedder.EclipseLogger - Using 'UTF-8' encoding to copy filtered resources.
2017-01-03 16:55:50,618 [Worker-23] INFO  o.e.m.c.i.embedder.EclipseLogger - skip non existing resourceDirectory /Users/zunzunwang/Documents/JAVA_Projet/EAN_code_search/testEAN/src/main/resources
2017-01-03 16:55:50,619 [Worker-23] INFO  o.e.m.c.i.embedder.EclipseLogger - Using 'UTF-8' encoding to copy filtered resources.
2017-01-03 16:55:50,619 [Worker-23] INFO  o.e.m.c.i.embedder.EclipseLogger - skip non existing resourceDirectory /Users/zunzunwang/Documents/JAVA_Projet/EAN_code_search/testEAN/src/test/resources
2017-01-03 16:57:22,186 [Worker-23] INFO  o.e.m.c.i.embedder.EclipseLogger - Using 'UTF-8' encoding to copy filtered resources.
2017-01-03 16:57:22,196 [Worker-23] INFO  o.e.m.c.i.embedder.EclipseLogger - skip non existing resourceDirectory /Users/zunzunwang/Documents/JAVA_Projet/EAN_code_search/testEAN/src/main/resources
2017-01-03 16:57:22,198 [Worker-23] INFO  o.e.m.c.i.embedder.EclipseLogger - Using 'UTF-8' encoding to copy filtered resources.
2017-01-03 16:57:22,198 [Worker-23] INFO  o.e.m.c.i.embedder.EclipseLogger - skip non existing resourceDirectory /Users/zunzunwang/Documents/JAVA_Projet/EAN_code_search/testEAN/src/test/resources
2017-01-03 17:00:17,768 [Worker-41] INFO  o.e.m.c.i.embedder.EclipseLogger - Using 'UTF-8' encoding to copy filtered resources.
2017-01-03 17:00:17,768 [Worker-41] INFO  o.e.m.c.i.embedder.EclipseLogger - skip non existing resourceDirectory /Users/zunzunwang/Documents/JAVA_Projet/EAN_code_search/testEAN/src/main/resources
2017-01-03 17:00:17,770 [Worker-41] INFO  o.e.m.c.i.embedder.EclipseLogger - Using 'UTF-8' encoding to copy filtered resources.
2017-01-03 17:00:17,770 [Worker-41] INFO  o.e.m.c.i.embedder.EclipseLogger - skip non existing resourceDirectory /Users/zunzunwang/Documents/JAVA_Projet/EAN_code_search/testEAN/src/test/resources
2017-01-03 17:00:46,327 [Worker-38] INFO  o.e.m.c.i.embedder.EclipseLogger - Using 'UTF-8' encoding to copy filtered resources.
2017-01-03 17:00:46,327 [Worker-38] INFO  o.e.m.c.i.embedder.EclipseLogger - skip non existing resourceDirectory /Users/zunzunwang/Documents/JAVA_Projet/EAN_code_search/testEAN/src/main/resources
2017-01-03 17:00:46,328 [Worker-38] INFO  o.e.m.c.i.embedder.EclipseLogger - Using 'UTF-8' encoding to copy filtered resources.
2017-01-03 17:00:46,328 [Worker-38] INFO  o.e.m.c.i.embedder.EclipseLogger - skip non existing resourceDirectory /Users/zunzunwang/Documents/JAVA_Projet/EAN_code_search/testEAN/src/test/resources
2017-01-03 17:00:56,400 [Worker-38] INFO  o.e.m.c.i.embedder.EclipseLogger - Using 'UTF-8' encoding to copy filtered resources.
2017-01-03 17:00:56,400 [Worker-38] INFO  o.e.m.c.i.embedder.EclipseLogger - skip non existing resourceDirectory /Users/zunzunwang/Documents/JAVA_Projet/EAN_code_search/testEAN/src/main/resources
2017-01-03 17:00:56,402 [Worker-38] INFO  o.e.m.c.i.embedder.EclipseLogger - Using 'UTF-8' encoding to copy filtered resources.
2017-01-03 17:00:56,402 [Worker-38] INFO  o.e.m.c.i.embedder.EclipseLogger - skip non existing resourceDirectory /Users/zunzunwang/Documents/JAVA_Projet/EAN_code_search/testEAN/src/test/resources
2017-01-03 17:04:43,398 [Worker-43] INFO  o.e.m.c.i.embedder.EclipseLogger - Using 'UTF-8' encoding to copy filtered resources.
2017-01-03 17:04:43,399 [Worker-43] INFO  o.e.m.c.i.embedder.EclipseLogger - skip non existing resourceDirectory /Users/zunzunwang/Documents/JAVA_Projet/EAN_code_search/testEAN/src/main/resources
2017-01-03 17:04:43,400 [Worker-43] INFO  o.e.m.c.i.embedder.EclipseLogger - Using 'UTF-8' encoding to copy filtered resources.
2017-01-03 17:04:43,401 [Worker-43] INFO  o.e.m.c.i.embedder.EclipseLogger - skip non existing resourceDirectory /Users/zunzunwang/Documents/JAVA_Projet/EAN_code_search/testEAN/src/test/resources
2017-01-03 17:05:31,625 [Worker-23] INFO  o.e.m.c.i.embedder.EclipseLogger - Using 'UTF-8' encoding to copy filtered resources.
2017-01-03 17:05:31,632 [Worker-23] INFO  o.e.m.c.i.embedder.EclipseLogger - skip non existing resourceDirectory /Users/zunzunwang/Documents/JAVA_Projet/EAN_code_search/testEAN/src/main/resources
2017-01-03 17:05:31,636 [Worker-23] INFO  o.e.m.c.i.embedder.EclipseLogger - Using 'UTF-8' encoding to copy filtered resources.
2017-01-03 17:05:31,636 [Worker-23] INFO  o.e.m.c.i.embedder.EclipseLogger - skip non existing resourceDirectory /Users/zunzunwang/Documents/JAVA_Projet/EAN_code_search/testEAN/src/test/resources
2017-01-03 17:06:58,664 [Worker-23] INFO  o.e.m.c.i.embedder.EclipseLogger - Using 'UTF-8' encoding to copy filtered resources.
2017-01-03 17:06:58,665 [Worker-23] INFO  o.e.m.c.i.embedder.EclipseLogger - skip non existing resourceDirectory /Users/zunzunwang/Documents/JAVA_Projet/EAN_code_search/testEAN/src/main/resources
2017-01-03 17:06:58,666 [Worker-23] INFO  o.e.m.c.i.embedder.EclipseLogger - Using 'UTF-8' encoding to copy filtered resources.
2017-01-03 17:06:58,667 [Worker-23] INFO  o.e.m.c.i.embedder.EclipseLogger - skip non existing resourceDirectory /Users/zunzunwang/Documents/JAVA_Projet/EAN_code_search/testEAN/src/test/resources
2017-01-03 17:09:42,038 [Worker-23] INFO  o.e.m.c.i.embedder.EclipseLogger - Using 'UTF-8' encoding to copy filtered resources.
2017-01-03 17:09:42,042 [Worker-23] INFO  o.e.m.c.i.embedder.EclipseLogger - skip non existing resourceDirectory /Users/zunzunwang/Documents/JAVA_Projet/EAN_code_search/testEAN/src/main/resources
2017-01-03 17:09:42,044 [Worker-23] INFO  o.e.m.c.i.embedder.EclipseLogger - Using 'UTF-8' encoding to copy filtered resources.
2017-01-03 17:09:42,044 [Worker-23] INFO  o.e.m.c.i.embedder.EclipseLogger - skip non existing resourceDirectory /Users/zunzunwang/Documents/JAVA_Projet/EAN_code_search/testEAN/src/test/resources
2017-01-03 17:09:47,075 [Worker-45] INFO  o.e.m.c.i.embedder.EclipseLogger - Using 'UTF-8' encoding to copy filtered resources.
2017-01-03 17:09:47,076 [Worker-45] INFO  o.e.m.c.i.embedder.EclipseLogger - skip non existing resourceDirectory /Users/zunzunwang/Documents/JAVA_Projet/EAN_code_search/testEAN/src/main/resources
2017-01-03 17:09:47,077 [Worker-45] INFO  o.e.m.c.i.embedder.EclipseLogger - Using 'UTF-8' encoding to copy filtered resources.
2017-01-03 17:09:47,078 [Worker-45] INFO  o.e.m.c.i.embedder.EclipseLogger - skip non existing resourceDirectory /Users/zunzunwang/Documents/JAVA_Projet/EAN_code_search/testEAN/src/test/resources
2017-01-03 17:09:53,375 [Worker-44] INFO  o.e.m.c.i.embedder.EclipseLogger - Using 'UTF-8' encoding to copy filtered resources.
2017-01-03 17:09:53,381 [Worker-44] INFO  o.e.m.c.i.embedder.EclipseLogger - skip non existing resourceDirectory /Users/zunzunwang/Documents/JAVA_Projet/EAN_code_search/testEAN/src/main/resources
2017-01-03 17:09:53,382 [Worker-44] INFO  o.e.m.c.i.embedder.EclipseLogger - Using 'UTF-8' encoding to copy filtered resources.
2017-01-03 17:09:53,383 [Worker-44] INFO  o.e.m.c.i.embedder.EclipseLogger - skip non existing resourceDirectory /Users/zunzunwang/Documents/JAVA_Projet/EAN_code_search/testEAN/src/test/resources
2017-01-03 17:10:06,819 [Worker-44] INFO  o.e.m.c.i.embedder.EclipseLogger - Using 'UTF-8' encoding to copy filtered resources.
2017-01-03 17:10:06,820 [Worker-44] INFO  o.e.m.c.i.embedder.EclipseLogger - skip non existing resourceDirectory /Users/zunzunwang/Documents/JAVA_Projet/EAN_code_search/testEAN/src/main/resources
2017-01-03 17:10:06,822 [Worker-44] INFO  o.e.m.c.i.embedder.EclipseLogger - Using 'UTF-8' encoding to copy filtered resources.
2017-01-03 17:10:06,822 [Worker-44] INFO  o.e.m.c.i.embedder.EclipseLogger - skip non existing resourceDirectory /Users/zunzunwang/Documents/JAVA_Projet/EAN_code_search/testEAN/src/test/resources
2017-01-03 19:13:23,688 [Worker-50] INFO  o.e.m.c.i.embedder.EclipseLogger - Using 'UTF-8' encoding to copy filtered resources.
2017-01-03 19:13:23,688 [Worker-50] INFO  o.e.m.c.i.embedder.EclipseLogger - skip non existing resourceDirectory /Users/zunzunwang/Documents/JAVA_Projet/EAN_code_search/testEAN/src/main/resources
2017-01-03 19:13:23,690 [Worker-50] INFO  o.e.m.c.i.embedder.EclipseLogger - Using 'UTF-8' encoding to copy filtered resources.
2017-01-03 19:13:23,690 [Worker-50] INFO  o.e.m.c.i.embedder.EclipseLogger - skip non existing resourceDirectory /Users/zunzunwang/Documents/JAVA_Projet/EAN_code_search/testEAN/src/test/resources
2017-01-03 19:13:46,039 [Worker-50] INFO  o.e.m.c.i.embedder.EclipseLogger - Using 'UTF-8' encoding to copy filtered resources.
2017-01-03 19:13:46,040 [Worker-50] INFO  o.e.m.c.i.embedder.EclipseLogger - skip non existing resourceDirectory /Users/zunzunwang/Documents/JAVA_Projet/EAN_code_search/testEAN/src/main/resources
2017-01-03 19:13:46,056 [Worker-50] INFO  o.e.m.c.i.embedder.EclipseLogger - Using 'UTF-8' encoding to copy filtered resources.
2017-01-03 19:13:46,056 [Worker-50] INFO  o.e.m.c.i.embedder.EclipseLogger - skip non existing resourceDirectory /Users/zunzunwang/Documents/JAVA_Projet/EAN_code_search/testEAN/src/test/resources
2017-01-03 19:15:48,076 [Worker-53] INFO  o.e.m.c.i.embedder.EclipseLogger - Using 'UTF-8' encoding to copy filtered resources.
2017-01-03 19:15:48,077 [Worker-53] INFO  o.e.m.c.i.embedder.EclipseLogger - skip non existing resourceDirectory /Users/zunzunwang/Documents/JAVA_Projet/EAN_code_search/testEAN/src/main/resources
2017-01-03 19:15:48,080 [Worker-53] INFO  o.e.m.c.i.embedder.EclipseLogger - Using 'UTF-8' encoding to copy filtered resources.
2017-01-03 19:15:48,080 [Worker-53] INFO  o.e.m.c.i.embedder.EclipseLogger - skip non existing resourceDirectory /Users/zunzunwang/Documents/JAVA_Projet/EAN_code_search/testEAN/src/test/resources
2017-01-03 19:16:18,374 [Worker-53] INFO  o.e.m.c.i.embedder.EclipseLogger - Using 'UTF-8' encoding to copy filtered resources.
2017-01-03 19:16:18,375 [Worker-53] INFO  o.e.m.c.i.embedder.EclipseLogger - skip non existing resourceDirectory /Users/zunzunwang/Documents/JAVA_Projet/EAN_code_search/testEAN/src/main/resources
2017-01-03 19:16:18,377 [Worker-53] INFO  o.e.m.c.i.embedder.EclipseLogger - Using 'UTF-8' encoding to copy filtered resources.
2017-01-03 19:16:18,377 [Worker-53] INFO  o.e.m.c.i.embedder.EclipseLogger - skip non existing resourceDirectory /Users/zunzunwang/Documents/JAVA_Projet/EAN_code_search/testEAN/src/test/resources
2017-01-03 19:16:20,466 [Worker-53] INFO  o.e.m.c.i.embedder.EclipseLogger - Using 'UTF-8' encoding to copy filtered resources.
2017-01-03 19:16:20,466 [Worker-53] INFO  o.e.m.c.i.embedder.EclipseLogger - skip non existing resourceDirectory /Users/zunzunwang/Documents/JAVA_Projet/EAN_code_search/testEAN/src/main/resources
2017-01-03 19:16:20,467 [Worker-53] INFO  o.e.m.c.i.embedder.EclipseLogger - Using 'UTF-8' encoding to copy filtered resources.
2017-01-03 19:16:20,467 [Worker-53] INFO  o.e.m.c.i.embedder.EclipseLogger - skip non existing resourceDirectory /Users/zunzunwang/Documents/JAVA_Projet/EAN_code_search/testEAN/src/test/resources
2017-01-03 19:17:26,228 [Worker-56] INFO  o.e.m.c.i.embedder.EclipseLogger - Using 'UTF-8' encoding to copy filtered resources.
2017-01-03 19:17:26,229 [Worker-56] INFO  o.e.m.c.i.embedder.EclipseLogger - skip non existing resourceDirectory /Users/zunzunwang/Documents/JAVA_Projet/EAN_code_search/testEAN/src/main/resources
2017-01-03 19:17:26,231 [Worker-56] INFO  o.e.m.c.i.embedder.EclipseLogger - Using 'UTF-8' encoding to copy filtered resources.
2017-01-03 19:17:26,231 [Worker-56] INFO  o.e.m.c.i.embedder.EclipseLogger - skip non existing resourceDirectory /Users/zunzunwang/Documents/JAVA_Projet/EAN_code_search/testEAN/src/test/resources
2017-01-03 19:20:55,569 [Worker-50] INFO  o.e.m.c.i.embedder.EclipseLogger - Using 'UTF-8' encoding to copy filtered resources.
2017-01-03 19:20:55,569 [Worker-50] INFO  o.e.m.c.i.embedder.EclipseLogger - skip non existing resourceDirectory /Users/zunzunwang/Documents/JAVA_Projet/EAN_code_search/testEAN/src/main/resources
2017-01-03 19:20:55,571 [Worker-50] INFO  o.e.m.c.i.embedder.EclipseLogger - Using 'UTF-8' encoding to copy filtered resources.
2017-01-03 19:20:55,571 [Worker-50] INFO  o.e.m.c.i.embedder.EclipseLogger - skip non existing resourceDirectory /Users/zunzunwang/Documents/JAVA_Projet/EAN_code_search/testEAN/src/test/resources
2017-01-03 19:29:49,343 [Worker-63] INFO  o.e.m.c.i.embedder.EclipseLogger - Using 'UTF-8' encoding to copy filtered resources.
2017-01-03 19:29:49,344 [Worker-63] INFO  o.e.m.c.i.embedder.EclipseLogger - skip non existing resourceDirectory /Users/zunzunwang/Documents/JAVA_Projet/EAN_code_search/testEAN/src/main/resources
2017-01-03 19:29:49,346 [Worker-63] INFO  o.e.m.c.i.embedder.EclipseLogger - Using 'UTF-8' encoding to copy filtered resources.
2017-01-03 19:29:49,346 [Worker-63] INFO  o.e.m.c.i.embedder.EclipseLogger - skip non existing resourceDirectory /Users/zunzunwang/Documents/JAVA_Projet/EAN_code_search/testEAN/src/test/resources
2017-01-03 19:30:07,377 [Worker-63] INFO  o.e.m.c.i.embedder.EclipseLogger - Using 'UTF-8' encoding to copy filtered resources.
2017-01-03 19:30:07,377 [Worker-63] INFO  o.e.m.c.i.embedder.EclipseLogger - skip non existing resourceDirectory /Users/zunzunwang/Documents/JAVA_Projet/EAN_code_search/testEAN/src/main/resources
2017-01-03 19:30:07,379 [Worker-63] INFO  o.e.m.c.i.embedder.EclipseLogger - Using 'UTF-8' encoding to copy filtered resources.
2017-01-03 19:30:07,379 [Worker-63] INFO  o.e.m.c.i.embedder.EclipseLogger - skip non existing resourceDirectory /Users/zunzunwang/Documents/JAVA_Projet/EAN_code_search/testEAN/src/test/resources
2017-01-03 19:30:27,859 [Worker-55] INFO  o.e.m.c.i.embedder.EclipseLogger - Using 'UTF-8' encoding to copy filtered resources.
2017-01-03 19:30:27,860 [Worker-55] INFO  o.e.m.c.i.embedder.EclipseLogger - skip non existing resourceDirectory /Users/zunzunwang/Documents/JAVA_Projet/EAN_code_search/testEAN/src/main/resources
2017-01-03 19:30:27,861 [Worker-55] INFO  o.e.m.c.i.embedder.EclipseLogger - Using 'UTF-8' encoding to copy filtered resources.
2017-01-03 19:30:27,861 [Worker-55] INFO  o.e.m.c.i.embedder.EclipseLogger - skip non existing resourceDirectory /Users/zunzunwang/Documents/JAVA_Projet/EAN_code_search/testEAN/src/test/resources
2017-01-03 19:30:35,818 [Worker-64] INFO  o.e.m.c.i.embedder.EclipseLogger - Using 'UTF-8' encoding to copy filtered resources.
2017-01-03 19:30:35,820 [Worker-64] INFO  o.e.m.c.i.embedder.EclipseLogger - skip non existing resourceDirectory /Users/zunzunwang/Documents/JAVA_Projet/EAN_code_search/testEAN/src/main/resources
2017-01-03 19:30:35,821 [Worker-64] INFO  o.e.m.c.i.embedder.EclipseLogger - Using 'UTF-8' encoding to copy filtered resources.
2017-01-03 19:30:35,821 [Worker-64] INFO  o.e.m.c.i.embedder.EclipseLogger - skip non existing resourceDirectory /Users/zunzunwang/Documents/JAVA_Projet/EAN_code_search/testEAN/src/test/resources
2017-01-03 19:30:48,121 [Worker-62] INFO  o.e.m.c.i.embedder.EclipseLogger - Using 'UTF-8' encoding to copy filtered resources.
2017-01-03 19:30:48,121 [Worker-62] INFO  o.e.m.c.i.embedder.EclipseLogger - skip non existing resourceDirectory /Users/zunzunwang/Documents/JAVA_Projet/EAN_code_search/testEAN/src/main/resources
2017-01-03 19:30:48,123 [Worker-62] INFO  o.e.m.c.i.embedder.EclipseLogger - Using 'UTF-8' encoding to copy filtered resources.
2017-01-03 19:30:48,124 [Worker-62] INFO  o.e.m.c.i.embedder.EclipseLogger - skip non existing resourceDirectory /Users/zunzunwang/Documents/JAVA_Projet/EAN_code_search/testEAN/src/test/resources
2017-01-03 21:43:53,648 [Worker-75] INFO  o.e.m.c.i.embedder.EclipseLogger - Using 'UTF-8' encoding to copy filtered resources.
2017-01-03 21:43:53,651 [Worker-75] INFO  o.e.m.c.i.embedder.EclipseLogger - skip non existing resourceDirectory /Users/zunzunwang/Documents/JAVA_Projet/EAN_code_search/testEAN/src/main/resources
2017-01-03 21:43:53,652 [Worker-75] INFO  o.e.m.c.i.embedder.EclipseLogger - Using 'UTF-8' encoding to copy filtered resources.
2017-01-03 21:43:53,653 [Worker-75] INFO  o.e.m.c.i.embedder.EclipseLogger - skip non existing resourceDirectory /Users/zunzunwang/Documents/JAVA_Projet/EAN_code_search/testEAN/src/test/resources
2017-01-03 21:45:03,855 [Worker-74] INFO  o.e.m.c.i.embedder.EclipseLogger - Using 'UTF-8' encoding to copy filtered resources.
2017-01-03 21:45:03,855 [Worker-74] INFO  o.e.m.c.i.embedder.EclipseLogger - skip non existing resourceDirectory /Users/zunzunwang/Documents/JAVA_Projet/EAN_code_search/testEAN/src/main/resources
2017-01-03 21:45:03,857 [Worker-74] INFO  o.e.m.c.i.embedder.EclipseLogger - Using 'UTF-8' encoding to copy filtered resources.
2017-01-03 21:45:03,857 [Worker-74] INFO  o.e.m.c.i.embedder.EclipseLogger - skip non existing resourceDirectory /Users/zunzunwang/Documents/JAVA_Projet/EAN_code_search/testEAN/src/test/resources
2017-01-03 21:45:58,960 [Worker-75] INFO  o.e.m.c.i.embedder.EclipseLogger - Using 'UTF-8' encoding to copy filtered resources.
2017-01-03 21:45:58,960 [Worker-75] INFO  o.e.m.c.i.embedder.EclipseLogger - skip non existing resourceDirectory /Users/zunzunwang/Documents/JAVA_Projet/EAN_code_search/testEAN/src/main/resources
2017-01-03 21:45:58,962 [Worker-75] INFO  o.e.m.c.i.embedder.EclipseLogger - Using 'UTF-8' encoding to copy filtered resources.
2017-01-03 21:45:58,962 [Worker-75] INFO  o.e.m.c.i.embedder.EclipseLogger - skip non existing resourceDirectory /Users/zunzunwang/Documents/JAVA_Projet/EAN_code_search/testEAN/src/test/resources
2017-01-03 22:05:12,272 [Worker-78] INFO  o.e.m.c.i.embedder.EclipseLogger - Using 'UTF-8' encoding to copy filtered resources.
2017-01-03 22:05:12,273 [Worker-78] INFO  o.e.m.c.i.embedder.EclipseLogger - skip non existing resourceDirectory /Users/zunzunwang/Documents/JAVA_Projet/EAN_code_search/testEAN/src/main/resources
2017-01-03 22:05:12,275 [Worker-78] INFO  o.e.m.c.i.embedder.EclipseLogger - Using 'UTF-8' encoding to copy filtered resources.
2017-01-03 22:05:12,275 [Worker-78] INFO  o.e.m.c.i.embedder.EclipseLogger - skip non existing resourceDirectory /Users/zunzunwang/Documents/JAVA_Projet/EAN_code_search/testEAN/src/test/resources
2017-01-03 22:06:14,349 [Worker-67] INFO  o.e.m.c.i.embedder.EclipseLogger - Using 'UTF-8' encoding to copy filtered resources.
2017-01-03 22:06:14,349 [Worker-67] INFO  o.e.m.c.i.embedder.EclipseLogger - skip non existing resourceDirectory /Users/zunzunwang/Documents/JAVA_Projet/EAN_code_search/testEAN/src/main/resources
2017-01-03 22:06:14,350 [Worker-67] INFO  o.e.m.c.i.embedder.EclipseLogger - Using 'UTF-8' encoding to copy filtered resources.
2017-01-03 22:06:14,350 [Worker-67] INFO  o.e.m.c.i.embedder.EclipseLogger - skip non existing resourceDirectory /Users/zunzunwang/Documents/JAVA_Projet/EAN_code_search/testEAN/src/test/resources
2017-01-03 22:08:21,952 [Worker-75] INFO  o.e.m.c.i.embedder.EclipseLogger - Using 'UTF-8' encoding to copy filtered resources.
2017-01-03 22:08:21,953 [Worker-75] INFO  o.e.m.c.i.embedder.EclipseLogger - skip non existing resourceDirectory /Users/zunzunwang/Documents/JAVA_Projet/EAN_code_search/testEAN/src/main/resources
2017-01-03 22:08:21,954 [Worker-75] INFO  o.e.m.c.i.embedder.EclipseLogger - Using 'UTF-8' encoding to copy filtered resources.
2017-01-03 22:08:21,954 [Worker-75] INFO  o.e.m.c.i.embedder.EclipseLogger - skip non existing resourceDirectory /Users/zunzunwang/Documents/JAVA_Projet/EAN_code_search/testEAN/src/test/resources
2017-01-03 22:08:45,915 [Worker-81] INFO  o.e.m.c.i.embedder.EclipseLogger - Using 'UTF-8' encoding to copy filtered resources.
2017-01-03 22:08:45,915 [Worker-81] INFO  o.e.m.c.i.embedder.EclipseLogger - skip non existing resourceDirectory /Users/zunzunwang/Documents/JAVA_Projet/EAN_code_search/testEAN/src/main/resources
2017-01-03 22:08:45,916 [Worker-81] INFO  o.e.m.c.i.embedder.EclipseLogger - Using 'UTF-8' encoding to copy filtered resources.
2017-01-03 22:08:45,916 [Worker-81] INFO  o.e.m.c.i.embedder.EclipseLogger - skip non existing resourceDirectory /Users/zunzunwang/Documents/JAVA_Projet/EAN_code_search/testEAN/src/test/resources
2017-01-03 22:13:44,458 [Worker-77] INFO  o.e.m.c.i.embedder.EclipseLogger - Using 'UTF-8' encoding to copy filtered resources.
2017-01-03 22:13:44,459 [Worker-77] INFO  o.e.m.c.i.embedder.EclipseLogger - skip non existing resourceDirectory /Users/zunzunwang/Documents/JAVA_Projet/EAN_code_search/testEAN/src/main/resources
2017-01-03 22:13:44,460 [Worker-77] INFO  o.e.m.c.i.embedder.EclipseLogger - Using 'UTF-8' encoding to copy filtered resources.
2017-01-03 22:13:44,460 [Worker-77] INFO  o.e.m.c.i.embedder.EclipseLogger - skip non existing resourceDirectory /Users/zunzunwang/Documents/JAVA_Projet/EAN_code_search/testEAN/src/test/resources
2017-01-03 22:14:47,964 [Worker-77] INFO  o.e.m.c.i.embedder.EclipseLogger - Using 'UTF-8' encoding to copy filtered resources.
2017-01-03 22:14:47,969 [Worker-77] INFO  o.e.m.c.i.embedder.EclipseLogger - skip non existing resourceDirectory /Users/zunzunwang/Documents/JAVA_Projet/EAN_code_search/testEAN/src/main/resources
2017-01-03 22:14:47,970 [Worker-77] INFO  o.e.m.c.i.embedder.EclipseLogger - Using 'UTF-8' encoding to copy filtered resources.
2017-01-03 22:14:47,970 [Worker-77] INFO  o.e.m.c.i.embedder.EclipseLogger - skip non existing resourceDirectory /Users/zunzunwang/Documents/JAVA_Projet/EAN_code_search/testEAN/src/test/resources
2017-01-03 22:15:46,312 [Worker-84] INFO  o.e.m.c.i.embedder.EclipseLogger - Using 'UTF-8' encoding to copy filtered resources.
2017-01-03 22:15:46,313 [Worker-84] INFO  o.e.m.c.i.embedder.EclipseLogger - skip non existing resourceDirectory /Users/zunzunwang/Documents/JAVA_Projet/EAN_code_search/testEAN/src/main/resources
2017-01-03 22:15:46,314 [Worker-84] INFO  o.e.m.c.i.embedder.EclipseLogger - Using 'UTF-8' encoding to copy filtered resources.
2017-01-03 22:15:46,314 [Worker-84] INFO  o.e.m.c.i.embedder.EclipseLogger - skip non existing resourceDirectory /Users/zunzunwang/Documents/JAVA_Projet/EAN_code_search/testEAN/src/test/resources
2017-01-03 22:16:00,298 [Worker-81] INFO  o.e.m.c.i.embedder.EclipseLogger - Using 'UTF-8' encoding to copy filtered resources.
2017-01-03 22:16:00,298 [Worker-81] INFO  o.e.m.c.i.embedder.EclipseLogger - skip non existing resourceDirectory /Users/zunzunwang/Documents/JAVA_Projet/EAN_code_search/testEAN/src/main/resources
2017-01-03 22:16:00,302 [Worker-81] INFO  o.e.m.c.i.embedder.EclipseLogger - Using 'UTF-8' encoding to copy filtered resources.
2017-01-03 22:16:00,302 [Worker-81] INFO  o.e.m.c.i.embedder.EclipseLogger - skip non existing resourceDirectory /Users/zunzunwang/Documents/JAVA_Projet/EAN_code_search/testEAN/src/test/resources
2017-01-03 22:35:29,977 [Worker-84] INFO  o.e.m.c.i.embedder.EclipseLogger - Using 'UTF-8' encoding to copy filtered resources.
2017-01-03 22:35:29,979 [Worker-84] INFO  o.e.m.c.i.embedder.EclipseLogger - skip non existing resourceDirectory /Users/zunzunwang/Documents/JAVA_Projet/EAN_code_search/testEAN/src/main/resources
2017-01-03 22:35:29,982 [Worker-84] INFO  o.e.m.c.i.embedder.EclipseLogger - Using 'UTF-8' encoding to copy filtered resources.
2017-01-03 22:35:29,982 [Worker-84] INFO  o.e.m.c.i.embedder.EclipseLogger - skip non existing resourceDirectory /Users/zunzunwang/Documents/JAVA_Projet/EAN_code_search/testEAN/src/test/resources
2017-01-03 22:37:18,560 [Worker-91] INFO  o.e.m.c.i.embedder.EclipseLogger - Using 'UTF-8' encoding to copy filtered resources.
2017-01-03 22:37:18,560 [Worker-91] INFO  o.e.m.c.i.embedder.EclipseLogger - skip non existing resourceDirectory /Users/zunzunwang/Documents/JAVA_Projet/EAN_code_search/testEAN/src/main/resources
2017-01-03 22:37:18,561 [Worker-91] INFO  o.e.m.c.i.embedder.EclipseLogger - Using 'UTF-8' encoding to copy filtered resources.
2017-01-03 22:37:18,562 [Worker-91] INFO  o.e.m.c.i.embedder.EclipseLogger - skip non existing resourceDirectory /Users/zunzunwang/Documents/JAVA_Projet/EAN_code_search/testEAN/src/test/resources
2017-01-03 22:38:18,408 [Worker-75] INFO  o.e.m.c.i.embedder.EclipseLogger - Using 'UTF-8' encoding to copy filtered resources.
2017-01-03 22:38:18,409 [Worker-75] INFO  o.e.m.c.i.embedder.EclipseLogger - skip non existing resourceDirectory /Users/zunzunwang/Documents/JAVA_Projet/EAN_code_search/testEAN/src/main/resources
2017-01-03 22:38:18,411 [Worker-75] INFO  o.e.m.c.i.embedder.EclipseLogger - Using 'UTF-8' encoding to copy filtered resources.
2017-01-03 22:38:18,412 [Worker-75] INFO  o.e.m.c.i.embedder.EclipseLogger - skip non existing resourceDirectory /Users/zunzunwang/Documents/JAVA_Projet/EAN_code_search/testEAN/src/test/resources
2017-01-03 22:39:49,464 [Worker-91] INFO  o.e.m.c.i.embedder.EclipseLogger - Using 'UTF-8' encoding to copy filtered resources.
2017-01-03 22:39:49,464 [Worker-91] INFO  o.e.m.c.i.embedder.EclipseLogger - skip non existing resourceDirectory /Users/zunzunwang/Documents/JAVA_Projet/EAN_code_search/testEAN/src/main/resources
2017-01-03 22:39:49,465 [Worker-91] INFO  o.e.m.c.i.embedder.EclipseLogger - Using 'UTF-8' encoding to copy filtered resources.
2017-01-03 22:39:49,465 [Worker-91] INFO  o.e.m.c.i.embedder.EclipseLogger - skip non existing resourceDirectory /Users/zunzunwang/Documents/JAVA_Projet/EAN_code_search/testEAN/src/test/resources
2017-01-03 22:40:00,162 [Worker-84] INFO  o.e.m.c.i.embedder.EclipseLogger - Using 'UTF-8' encoding to copy filtered resources.
2017-01-03 22:40:00,162 [Worker-84] INFO  o.e.m.c.i.embedder.EclipseLogger - skip non existing resourceDirectory /Users/zunzunwang/Documents/JAVA_Projet/EAN_code_search/testEAN/src/main/resources
2017-01-03 22:40:00,164 [Worker-84] INFO  o.e.m.c.i.embedder.EclipseLogger - Using 'UTF-8' encoding to copy filtered resources.
2017-01-03 22:40:00,164 [Worker-84] INFO  o.e.m.c.i.embedder.EclipseLogger - skip non existing resourceDirectory /Users/zunzunwang/Documents/JAVA_Projet/EAN_code_search/testEAN/src/test/resources
2017-01-03 22:43:24,537 [Worker-92] INFO  o.e.m.c.i.embedder.EclipseLogger - Using 'UTF-8' encoding to copy filtered resources.
2017-01-03 22:43:24,538 [Worker-92] INFO  o.e.m.c.i.embedder.EclipseLogger - skip non existing resourceDirectory /Users/zunzunwang/Documents/JAVA_Projet/EAN_code_search/testEAN/src/main/resources
2017-01-03 22:43:24,540 [Worker-92] INFO  o.e.m.c.i.embedder.EclipseLogger - Using 'UTF-8' encoding to copy filtered resources.
2017-01-03 22:43:24,540 [Worker-92] INFO  o.e.m.c.i.embedder.EclipseLogger - skip non existing resourceDirectory /Users/zunzunwang/Documents/JAVA_Projet/EAN_code_search/testEAN/src/test/resources
2017-01-03 22:44:17,850 [Worker-89] INFO  o.e.m.c.i.embedder.EclipseLogger - Using 'UTF-8' encoding to copy filtered resources.
2017-01-03 22:44:17,851 [Worker-89] INFO  o.e.m.c.i.embedder.EclipseLogger - skip non existing resourceDirectory /Users/zunzunwang/Documents/JAVA_Projet/EAN_code_search/testEAN/src/main/resources
2017-01-03 22:44:17,854 [Worker-89] INFO  o.e.m.c.i.embedder.EclipseLogger - Using 'UTF-8' encoding to copy filtered resources.
2017-01-03 22:44:17,854 [Worker-89] INFO  o.e.m.c.i.embedder.EclipseLogger - skip non existing resourceDirectory /Users/zunzunwang/Documents/JAVA_Projet/EAN_code_search/testEAN/src/test/resources
2017-01-03 22:44:39,462 [Worker-84] INFO  o.e.m.c.i.embedder.EclipseLogger - Using 'UTF-8' encoding to copy filtered resources.
2017-01-03 22:44:39,462 [Worker-84] INFO  o.e.m.c.i.embedder.EclipseLogger - skip non existing resourceDirectory /Users/zunzunwang/Documents/JAVA_Projet/EAN_code_search/testEAN/src/main/resources
2017-01-03 22:44:39,466 [Worker-84] INFO  o.e.m.c.i.embedder.EclipseLogger - Using 'UTF-8' encoding to copy filtered resources.
2017-01-03 22:44:39,466 [Worker-84] INFO  o.e.m.c.i.embedder.EclipseLogger - skip non existing resourceDirectory /Users/zunzunwang/Documents/JAVA_Projet/EAN_code_search/testEAN/src/test/resources
2017-01-03 22:48:33,361 [Worker-95] INFO  o.e.m.c.i.embedder.EclipseLogger - Using 'UTF-8' encoding to copy filtered resources.
2017-01-03 22:48:33,361 [Worker-95] INFO  o.e.m.c.i.embedder.EclipseLogger - skip non existing resourceDirectory /Users/zunzunwang/Documents/JAVA_Projet/EAN_code_search/testEAN/src/main/resources
2017-01-03 22:48:33,363 [Worker-95] INFO  o.e.m.c.i.embedder.EclipseLogger - Using 'UTF-8' encoding to copy filtered resources.
2017-01-03 22:48:33,363 [Worker-95] INFO  o.e.m.c.i.embedder.EclipseLogger - skip non existing resourceDirectory /Users/zunzunwang/Documents/JAVA_Projet/EAN_code_search/testEAN/src/test/resources
2017-01-03 22:51:23,963 [Worker-84] INFO  o.e.m.c.i.embedder.EclipseLogger - Using 'UTF-8' encoding to copy filtered resources.
2017-01-03 22:51:23,964 [Worker-84] INFO  o.e.m.c.i.embedder.EclipseLogger - skip non existing resourceDirectory /Users/zunzunwang/Documents/JAVA_Projet/EAN_code_search/testEAN/src/main/resources
2017-01-03 22:51:23,965 [Worker-84] INFO  o.e.m.c.i.embedder.EclipseLogger - Using 'UTF-8' encoding to copy filtered resources.
2017-01-03 22:51:23,965 [Worker-84] INFO  o.e.m.c.i.embedder.EclipseLogger - skip non existing resourceDirectory /Users/zunzunwang/Documents/JAVA_Projet/EAN_code_search/testEAN/src/test/resources
2017-01-03 22:52:32,558 [Worker-84] INFO  o.e.m.c.i.embedder.EclipseLogger - Using 'UTF-8' encoding to copy filtered resources.
2017-01-03 22:52:32,559 [Worker-84] INFO  o.e.m.c.i.embedder.EclipseLogger - skip non existing resourceDirectory /Users/zunzunwang/Documents/JAVA_Projet/EAN_code_search/testEAN/src/main/resources
2017-01-03 22:52:32,560 [Worker-84] INFO  o.e.m.c.i.embedder.EclipseLogger - Using 'UTF-8' encoding to copy filtered resources.
2017-01-03 22:52:32,560 [Worker-84] INFO  o.e.m.c.i.embedder.EclipseLogger - skip non existing resourceDirectory /Users/zunzunwang/Documents/JAVA_Projet/EAN_code_search/testEAN/src/test/resources
2017-01-03 22:57:13,865 [Worker-97] INFO  o.e.m.c.i.embedder.EclipseLogger - Using 'UTF-8' encoding to copy filtered resources.
2017-01-03 22:57:13,865 [Worker-97] INFO  o.e.m.c.i.embedder.EclipseLogger - skip non existing resourceDirectory /Users/zunzunwang/Documents/JAVA_Projet/EAN_code_search/testEAN/src/main/resources
2017-01-03 22:57:13,866 [Worker-97] INFO  o.e.m.c.i.embedder.EclipseLogger - Using 'UTF-8' encoding to copy filtered resources.
2017-01-03 22:57:13,866 [Worker-97] INFO  o.e.m.c.i.embedder.EclipseLogger - skip non existing resourceDirectory /Users/zunzunwang/Documents/JAVA_Projet/EAN_code_search/testEAN/src/test/resources
2017-01-03 22:57:25,421 [Worker-93] INFO  o.e.m.c.i.embedder.EclipseLogger - Using 'UTF-8' encoding to copy filtered resources.
2017-01-03 22:57:25,422 [Worker-93] INFO  o.e.m.c.i.embedder.EclipseLogger - skip non existing resourceDirectory /Users/zunzunwang/Documents/JAVA_Projet/EAN_code_search/testEAN/src/main/resources
2017-01-03 22:57:25,423 [Worker-93] INFO  o.e.m.c.i.embedder.EclipseLogger - Using 'UTF-8' encoding to copy filtered resources.
2017-01-03 22:57:25,423 [Worker-93] INFO  o.e.m.c.i.embedder.EclipseLogger - skip non existing resourceDirectory /Users/zunzunwang/Documents/JAVA_Projet/EAN_code_search/testEAN/src/test/resources
2017-01-04 00:10:22,491 [Worker-102] INFO  o.e.m.c.i.embedder.EclipseLogger - Using 'UTF-8' encoding to copy filtered resources.
2017-01-04 00:10:22,492 [Worker-102] INFO  o.e.m.c.i.embedder.EclipseLogger - skip non existing resourceDirectory /Users/zunzunwang/Documents/JAVA_Projet/EAN_code_search/testEAN/src/main/resources
2017-01-04 00:10:22,494 [Worker-102] INFO  o.e.m.c.i.embedder.EclipseLogger - Using 'UTF-8' encoding to copy filtered resources.
2017-01-04 00:10:22,494 [Worker-102] INFO  o.e.m.c.i.embedder.EclipseLogger - skip non existing resourceDirectory /Users/zunzunwang/Documents/JAVA_Projet/EAN_code_search/testEAN/src/test/resources
